
**********************
2017-11-30 19:27:55(write log time)

SdkName = bfc-blockcanary
SdkVersion = 5.0.1-bugfix
qua = 102_1.9.0_YYB
versionName = 1.9.0
versionCode = 102
imei = null
uid = C2
network = 4G
model = S3
api-level = 22 5.1.1
cpu-core = 4
process = com.eebbk.vtraining
freeMemory = 907252
totalMemory = 2061304
time = 1680
thread-time = 626
time-start = 11-30 19:27:53.631
time-end = 11-30 19:27:55.311
cpu-busy = false
cpu-rate = 11-30 19:27:54.595 cpu:97% app:13% [user:56% system:22% ioWait:3% ]
11-30 19:27:55.098 cpu:97% app:26% [user:54% system:30% ioWait:2% ]

stack = 11-30 19:27:54.057

org.chromium.android_webview.AwContentsClient.<clinit>(AwContentsClient.java:43)
com.android.webview.chromium.WebViewChromium.init(WebViewChromium.java:177)
android.webkit.WebView.<init>(WebView.java:556)
android.webkit.WebView.<init>(WebView.java:491)
android.webkit.WebView.<init>(WebView.java:474)
android.webkit.WebView.<init>(WebView.java:461)
com.eebbk.h5.webview.utils.BBKWebview.<init>(BBKWebview.java:27)
java.lang.reflect.Constructor.newInstance(Native Method)
java.lang.reflect.Constructor.newInstance(Constructor.java:288)
android.view.LayoutInflater.createView(LayoutInflater.java:607)
android.view.LayoutInflater.createViewFromTag(LayoutInflater.java:743)
android.view.LayoutInflater.rInflate(LayoutInflater.java:806)
android.view.LayoutInflater.rInflate(LayoutInflater.java:809)
android.view.LayoutInflater.inflate(LayoutInflater.java:504)
android.view.LayoutInflater.inflate(LayoutInflater.java:414)
com.eebbk.vtraining.homerecommended.adapter.HomeRecommendedAdapter.onCreateViewHolder(HomeRecommendedAdapter.java:112)
android.support.v7.widget.RecyclerView$Adapter.createViewHolder(RecyclerView.java:5234)
android.support.v7.widget.RecyclerView$Recycler.getViewForPosition(RecyclerView.java:4459)
android.support.v7.widget.RecyclerView$Recycler.getViewForPosition(RecyclerView.java:4369)
android.support.v7.widget.LinearLayoutManager$LayoutState.next(LinearLayoutManager.java:1961)
android.support.v7.widget.LinearLayoutManager.layoutChunk(LinearLayoutManager.java:1370)
android.support.v7.widget.LinearLayoutManager.fill(LinearLayoutManager.java:1333)
android.support.v7.widget.LinearLayoutManager.onLayoutChildren(LinearLayoutManager.java:562)
android.support.v7.widget.RecyclerView.dispatchLayout(RecyclerView.java:2902)
android.support.v7.widget.RecyclerView.onLayout(RecyclerView.java:3073)
android.view.View.layout(View.java:15827)
android.view.ViewGroup.layout(ViewGroup.java:5038)
android.widget.FrameLayout.layoutChildren(FrameLayout.java:581)
android.widget.FrameLayout.onLayout(FrameLayout.java:516)
android.view.View.layout(View.java:15827)
android.view.ViewGroup.layout(ViewGroup.java:5038)
android.widget.LinearLayout.setChildFrame(LinearLayout.java:1703)
android.widget.LinearLayout.layoutVertical(LinearLayout.java:1557)
android.widget.LinearLayout.onLayout(LinearLayout.java:1466)
android.view.View.layout(View.java:15827)
android.view.ViewGroup.layout(ViewGroup.java:5038)
android.widget.RelativeLayout.onLayout(RelativeLayout.java:1076)
android.view.View.layout(View.java:15827)
android.view.ViewGroup.layout(ViewGroup.java:5038)
android.widget.FrameLayout.layoutChildren(FrameLayout.java:581)
android.widget.FrameLayout.onLayout(FrameLayout.java:516)
android.view.View.layout(View.java:15827)
android.view.ViewGroup.layout(ViewGroup.java:5038)
android.widget.LinearLayout.setChildFrame(LinearLayout.java:1703)
android.widget.LinearLayout.layoutVertical(LinearLayout.java:1557)
android.widget.LinearLayout.onLayout(LinearLayout.java:1466)
android.view.View.layout(View.java:15827)
android.view.ViewGroup.layout(ViewGroup.java:5038)
android.widget.FrameLayout.layoutChildren(FrameLayout.java:581)
android.widget.FrameLayout.onLayout(FrameLayout.java:516)
android.view.View.layout(View.java:15827)
android.view.ViewGroup.layout(ViewGroup.java:5038)
android.widget.LinearLayout.setChildFrame(LinearLayout.java:1703)
android.widget.LinearLayout.layoutVertical(LinearLayout.java:1557)
android.widget.LinearLayout.onLayout(LinearLayout.java:1466)
android.view.View.layout(View.java:15827)
android.view.ViewGroup.layout(ViewGroup.java:5038)
android.widget.FrameLayout.layoutChildren(FrameLayout.java:581)
android.widget.FrameLayout.onLayout(FrameLayout.java:516)
android.view.View.layout(View.java:15827)
android.view.ViewGroup.layout(ViewGroup.java:5038)
android.view.ViewRootImpl.performLayout(ViewRootImpl.java:2216)
android.view.ViewRootImpl.performTraversals(ViewRootImpl.java:1973)
android.view.ViewRootImpl.doTraversal(ViewRootImpl.java:1168)
android.view.ViewRootImpl$TraversalRunnable.run(ViewRootImpl.java:6219)
android.view.Choreographer$CallbackRecord.run(Choreographer.java:767)
android.view.Choreographer.doCallbacks(Choreographer.java:580)
android.view.Choreographer.doFrame(Choreographer.java:550)
android.view.Choreographer$FrameDisplayEventReceiver.run(Choreographer.java:753)
android.os.Handler.handleCallback(Handler.java:739)
android.os.Handler.dispatchMessage(Handler.java:95)
android.os.Looper.loop(Looper.java:135)
android.app.ActivityThread.main(ActivityThread.java:5291)
java.lang.reflect.Method.invoke(Native Method)
java.lang.reflect.Method.invoke(Method.java:372)
com.android.internal.os.ZygoteInit$MethodAndArgsCaller.run(ZygoteInit.java:969)
com.android.internal.os.ZygoteInit.main(ZygoteInit.java:764)

11-30 19:27:54.594

java.lang.Object.internalClone(Native Method)
java.lang.Object.clone(Object.java:172)
java.text.DecimalFormatSymbols.clone(DecimalFormatSymbols.java:153)
java.text.DecimalFormat.<init>(DecimalFormat.java:550)
org.chromium.content.browser.accessibility.captioning.CaptioningChangeDelegate.onFontScaleChanged(CaptioningChangeDelegate.java:1295)
org.chromium.content.browser.accessibility.captioning.KitKatCaptioningBridge.syncToDelegate(KitKatCaptioningBridge.java:85)
org.chromium.content.browser.accessibility.captioning.KitKatCaptioningBridge.syncToListener(KitKatCaptioningBridge.java:94)
org.chromium.content.browser.ContentViewCore.onRenderProcessChange(ContentViewCore.java:2588)
org.chromium.content.browser.framehost.NavigationControllerImpl.nativeLoadUrl(Native Method)
org.chromium.content.browser.framehost.NavigationControllerImpl.loadUrl(NavigationControllerImpl.java:148)
org.chromium.android_webview.AwContents.loadUrl(AwContents.java:1606)
org.chromium.android_webview.AwContents.loadUrl(AwContents.java:1458)
org.chromium.android_webview.AwContents.loadUrl(AwContents.java:1471)
com.android.webview.chromium.WebViewChromium.loadUrl(WebViewChromium.java:513)
android.webkit.WebView.loadUrl(WebView.java:883)
com.eebbk.h5.webview.utils.BBKWebview.loadUrl(BBKWebview.java:50)
com.eebbk.vtraining.homerecommended.adapter.HomeRecommendedAdapter.setBannerView(HomeRecommendedAdapter.java:317)
com.eebbk.vtraining.homerecommended.adapter.HomeRecommendedAdapter.onBindViewHolder(HomeRecommendedAdapter.java:509)
android.support.v7.widget.RecyclerView$Adapter.onBindViewHolder(RecyclerView.java:5223)
android.support.v7.widget.RecyclerView$Adapter.bindViewHolder(RecyclerView.java:5256)
android.support.v7.widget.RecyclerView$Recycler.getViewForPosition(RecyclerView.java:4493)
android.support.v7.widget.RecyclerView$Recycler.getViewForPosition(RecyclerView.java:4369)
android.support.v7.widget.LinearLayoutManager$LayoutState.next(LinearLayoutManager.java:1961)
android.support.v7.widget.LinearLayoutManager.layoutChunk(LinearLayoutManager.java:1370)
android.support.v7.widget.LinearLayoutManager.fill(LinearLayoutManager.java:1333)
android.support.v7.widget.LinearLayoutManager.onLayoutChildren(LinearLayoutManager.java:562)
android.support.v7.widget.RecyclerView.dispatchLayout(RecyclerView.java:2902)
android.support.v7.widget.RecyclerView.onLayout(RecyclerView.java:3073)
android.view.View.layout(View.java:15827)
android.view.ViewGroup.layout(ViewGroup.java:5038)
android.widget.FrameLayout.layoutChildren(FrameLayout.java:581)
android.widget.FrameLayout.onLayout(FrameLayout.java:516)
android.view.View.layout(View.java:15827)
android.view.ViewGroup.layout(ViewGroup.java:5038)
android.widget.LinearLayout.setChildFrame(LinearLayout.java:1703)
android.widget.LinearLayout.layoutVertical(LinearLayout.java:1557)
android.widget.LinearLayout.onLayout(LinearLayout.java:1466)
android.view.View.layout(View.java:15827)
android.view.ViewGroup.layout(ViewGroup.java:5038)
android.widget.RelativeLayout.onLayout(RelativeLayout.java:1076)
android.view.View.layout(View.java:15827)
android.view.ViewGroup.layout(ViewGroup.java:5038)
android.widget.FrameLayout.layoutChildren(FrameLayout.java:581)
android.widget.FrameLayout.onLayout(FrameLayout.java:516)
android.view.View.layout(View.java:15827)
android.view.ViewGroup.layout(ViewGroup.java:5038)
android.widget.LinearLayout.setChildFrame(LinearLayout.java:1703)
android.widget.LinearLayout.layoutVertical(LinearLayout.java:1557)
android.widget.LinearLayout.onLayout(LinearLayout.java:1466)
android.view.View.layout(View.java:15827)
android.view.ViewGroup.layout(ViewGroup.java:5038)
android.widget.FrameLayout.layoutChildren(FrameLayout.java:581)
android.widget.FrameLayout.onLayout(FrameLayout.java:516)
android.view.View.layout(View.java:15827)
android.view.ViewGroup.layout(ViewGroup.java:5038)
android.widget.LinearLayout.setChildFrame(LinearLayout.java:1703)
android.widget.LinearLayout.layoutVertical(LinearLayout.java:1557)
android.widget.LinearLayout.onLayout(LinearLayout.java:1466)
android.view.View.layout(View.java:15827)
android.view.ViewGroup.layout(ViewGroup.java:5038)
android.widget.FrameLayout.layoutChildren(FrameLayout.java:581)
android.widget.FrameLayout.onLayout(FrameLayout.java:516)
android.view.View.layout(View.java:15827)
android.view.ViewGroup.layout(ViewGroup.java:5038)
android.view.ViewRootImpl.performLayout(ViewRootImpl.java:2216)
android.view.ViewRootImpl.performTraversals(ViewRootImpl.java:1973)
android.view.ViewRootImpl.doTraversal(ViewRootImpl.java:1168)
android.view.ViewRootImpl$TraversalRunnable.run(ViewRootImpl.java:6219)
android.view.Choreographer$CallbackRecord.run(Choreographer.java:767)
android.view.Choreographer.doCallbacks(Choreographer.java:580)
android.view.Choreographer.doFrame(Choreographer.java:550)
android.view.Choreographer$FrameDisplayEventReceiver.run(Choreographer.java:753)
android.os.Handler.handleCallback(Handler.java:739)
android.os.Handler.dispatchMessage(Handler.java:95)
android.os.Looper.loop(Looper.java:135)
android.app.ActivityThread.main(ActivityThread.java:5291)
java.lang.reflect.Method.invoke(Native Method)
java.lang.reflect.Method.invoke(Method.java:372)
com.android.internal.os.ZygoteInit$MethodAndArgsCaller.run(ZygoteInit.java:969)
com.android.internal.os.ZygoteInit.main(ZygoteInit.java:764)

11-30 19:27:55.097

dalvik.system.VMRuntime.newUnpaddedArray(Native Method)
com.android.internal.util.ArrayUtils.newUnpaddedLongArray(ArrayUtils.java:56)
android.util.LongSparseLongArray.<init>(LongSparseLongArray.java:71)
android.view.View.measure(View.java:17683)
android.widget.RelativeLayout.measureChildHorizontal(RelativeLayout.java:727)
android.widget.RelativeLayout.onMeasure(RelativeLayout.java:463)
android.view.View.measure(View.java:17703)
android.widget.GridLayout.measureChildWithMargins2(GridLayout.java:1004)
android.widget.GridLayout.measureChildrenWithMargins(GridLayout.java:1014)
android.widget.GridLayout.onMeasure(GridLayout.java:1055)
android.view.View.measure(View.java:17703)
android.view.ViewGroup.measureChildWithMargins(ViewGroup.java:5535)
android.widget.LinearLayout.measureChildBeforeLayout(LinearLayout.java:1436)
android.widget.LinearLayout.measureVertical(LinearLayout.java:722)
android.widget.LinearLayout.onMeasure(LinearLayout.java:613)
android.view.View.measure(View.java:17703)
android.support.v7.widget.RecyclerView$LayoutManager.measureChildWithMargins(RecyclerView.java:6880)
android.support.v7.widget.LinearLayoutManager.layoutChunk(LinearLayoutManager.java:1396)
android.support.v7.widget.LinearLayoutManager.fill(LinearLayoutManager.java:1333)
android.support.v7.widget.LinearLayoutManager.onLayoutChildren(LinearLayoutManager.java:562)
android.support.v7.widget.RecyclerView.dispatchLayout(RecyclerView.java:2902)
android.support.v7.widget.RecyclerView.onLayout(RecyclerView.java:3073)
android.view.View.layout(View.java:15827)
android.view.ViewGroup.layout(ViewGroup.java:5038)
android.widget.FrameLayout.layoutChildren(FrameLayout.java:581)
android.widget.FrameLayout.onLayout(FrameLayout.java:516)
android.view.View.layout(View.java:15827)
android.view.ViewGroup.layout(ViewGroup.java:5038)
android.widget.LinearLayout.setChildFrame(LinearLayout.java:1703)
android.widget.LinearLayout.layoutVertical(LinearLayout.java:1557)
android.widget.LinearLayout.onLayout(LinearLayout.java:1466)
android.view.View.layout(View.java:15827)
android.view.ViewGroup.layout(ViewGroup.java:5038)
android.widget.RelativeLayout.onLayout(RelativeLayout.java:1076)
android.view.View.layout(View.java:15827)
android.view.ViewGroup.layout(ViewGroup.java:5038)
android.widget.FrameLayout.layoutChildren(FrameLayout.java:581)
android.widget.FrameLayout.onLayout(FrameLayout.java:516)
android.view.View.layout(View.java:15827)
android.view.ViewGroup.layout(ViewGroup.java:5038)
android.widget.LinearLayout.setChildFrame(LinearLayout.java:1703)
android.widget.LinearLayout.layoutVertical(LinearLayout.java:1557)
android.widget.LinearLayout.onLayout(LinearLayout.java:1466)
android.view.View.layout(View.java:15827)
android.view.ViewGroup.layout(ViewGroup.java:5038)
android.widget.FrameLayout.layoutChildren(FrameLayout.java:581)
android.widget.FrameLayout.onLayout(FrameLayout.java:516)
android.view.View.layout(View.java:15827)
android.view.ViewGroup.layout(ViewGroup.java:5038)
android.widget.LinearLayout.setChildFrame(LinearLayout.java:1703)
android.widget.LinearLayout.layoutVertical(LinearLayout.java:1557)
android.widget.LinearLayout.onLayout(LinearLayout.java:1466)
android.view.View.layout(View.java:15827)
android.view.ViewGroup.layout(ViewGroup.java:5038)
android.widget.FrameLayout.layoutChildren(FrameLayout.java:581)
android.widget.FrameLayout.onLayout(FrameLayout.java:516)
android.view.View.layout(View.java:15827)
android.view.ViewGroup.layout(ViewGroup.java:5038)
android.view.ViewRootImpl.performLayout(ViewRootImpl.java:2216)
android.view.ViewRootImpl.performTraversals(ViewRootImpl.java:1973)
android.view.ViewRootImpl.doTraversal(ViewRootImpl.java:1168)
android.view.ViewRootImpl$TraversalRunnable.run(ViewRootImpl.java:6219)
android.view.Choreographer$CallbackRecord.run(Choreographer.java:767)
android.view.Choreographer.doCallbacks(Choreographer.java:580)
android.view.Choreographer.doFrame(Choreographer.java:550)
android.view.Choreographer$FrameDisplayEventReceiver.run(Choreographer.java:753)
android.os.Handler.handleCallback(Handler.java:739)
android.os.Handler.dispatchMessage(Handler.java:95)
android.os.Looper.loop(Looper.java:135)
android.app.ActivityThread.main(ActivityThread.java:5291)
java.lang.reflect.Method.invoke(Native Method)
java.lang.reflect.Method.invoke(Method.java:372)
com.android.internal.os.ZygoteInit$MethodAndArgsCaller.run(ZygoteInit.java:969)
com.android.internal.os.ZygoteInit.main(ZygoteInit.java:764)



